[debug] [2023-01-12T20:42:36.355Z] ----------------------------------------------------------------------
[debug] [2023-01-12T20:42:36.356Z] Command:       /usr/local/bin/node /usr/local/bin/firebase init hosting:github
[debug] [2023-01-12T20:42:36.356Z] CLI Version:   11.20.0
[debug] [2023-01-12T20:42:36.356Z] Platform:      darwin
[debug] [2023-01-12T20:42:36.356Z] Node Version:  v18.13.0
[debug] [2023-01-12T20:42:36.357Z] Time:          Thu Jan 12 2023 14:42:36 GMT-0600 (Central Standard Time)
[debug] [2023-01-12T20:42:36.357Z] ----------------------------------------------------------------------
[debug] 
[debug] [2023-01-12T20:42:36.392Z] > command requires scopes: ["email","openid","https://www.googleapis.com/auth/cloudplatformprojects.readonly","https://www.googleapis.com/auth/firebase","https://www.googleapis.com/auth/cloud-platform"]
[debug] [2023-01-12T20:42:36.392Z] > authorizing via signed-in user (brian.m.pattison@gmail.com)
[info] 
     ######## #### ########  ######## ########     ###     ######  ########
     ##        ##  ##     ## ##       ##     ##  ##   ##  ##       ##
     ######    ##  ########  ######   ########  #########  ######  ######
     ##        ##  ##    ##  ##       ##     ## ##     ##       ## ##
     ##       #### ##     ## ######## ########  ##     ##  ######  ########

You're about to initialize a Firebase project in this directory:

  /Users/960193/Desktop/XFLFrontend

Before we get started, keep in mind:

  * You are initializing within an existing Firebase project directory

[info] 
=== Project Setup
[info] 
[info] First, let's associate this project directory with a Firebase project.
[info] You can create multiple project aliases by running firebase use --add, 
[info] but for now we'll just set up a default project.
[info] 
[debug] [2023-01-12T20:42:36.395Z] Using project from CLI flag: xflfantasyfootball-5d5ed
[debug] [2023-01-12T20:42:36.397Z] >>> [apiv2][query] GET https://firebase.googleapis.com/v1beta1/projects/xflfantasyfootball-5d5ed [none]
[debug] [2023-01-12T20:42:36.755Z] <<< [apiv2][status] GET https://firebase.googleapis.com/v1beta1/projects/xflfantasyfootball-5d5ed 200
[debug] [2023-01-12T20:42:36.755Z] <<< [apiv2][body] GET https://firebase.googleapis.com/v1beta1/projects/xflfantasyfootball-5d5ed {"projectId":"xflfantasyfootball-5d5ed","projectNumber":"85894102918","displayName":"XFLFantasyFootball","name":"projects/xflfantasyfootball-5d5ed","resources":{"hostingSite":"xflfantasyfootball-5d5ed"},"state":"ACTIVE","etag":"1_4d6ab4ae-3dc7-4a6a-bd42-cf3d8620aaa2"}
[info] i  Using project xflfantasyfootball-5d5ed (XFLFantasyFootball) 
[info] 
=== Hosting:github Setup
[info] 
[info] i  Detected a .git folder at /Users/960193/Desktop/XFLFrontend 
[info] i  Authorizing with GitHub to upload your service account to a GitHub repository's secrets store. 
[info] 
[info] Visit this URL on this device to log in:
[info] https://github.com/login/oauth/authorize?client_id=89cf50f02ac6aaed3484&state=346309397&redirect_uri=http%3A%2F%2Flocalhost%3A9005&scope=read%3Auser%20repo%20public_repo
[info] 
[info] Waiting for authentication...
[debug] [2023-01-12T20:42:37.141Z] >>> [apiv2][query] POST https://github.com/login/oauth/access_token [none]
[debug] [2023-01-12T20:42:37.141Z] >>> [apiv2][body] POST https://github.com/login/oauth/access_token [stream]
[debug] [2023-01-12T20:42:37.484Z] <<< [apiv2][status] POST https://github.com/login/oauth/access_token 200
[debug] [2023-01-12T20:42:37.485Z] <<< [apiv2][body] POST https://github.com/login/oauth/access_token {"access_token":"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","token_type":"bearer","scope":"read:user,repo"}
[debug] [2023-01-12T20:42:37.488Z] >>> [apiv2][query] GET https://api.github.com/user [none]
[debug] [2023-01-12T20:42:37.843Z] <<< [apiv2][status] GET https://api.github.com/user 200
[debug] [2023-01-12T20:42:37.843Z] <<< [apiv2][body] GET https://api.github.com/user {"login":"pattisonb","id":47764431,"node_id":"MDQ6VXNlcjQ3NzY0NDMx","avatar_url":"https://avatars.githubusercontent.com/u/47764431?v=4","gravatar_id":"","url":"https://api.github.com/users/pattisonb","html_url":"https://github.com/pattisonb","followers_url":"https://api.github.com/users/pattisonb/followers","following_url":"https://api.github.com/users/pattisonb/following{/other_user}","gists_url":"https://api.github.com/users/pattisonb/gists{/gist_id}","starred_url":"https://api.github.com/users/pattisonb/starred{/owner}{/repo}","subscriptions_url":"https://api.github.com/users/pattisonb/subscriptions","organizations_url":"https://api.github.com/users/pattisonb/orgs","repos_url":"https://api.github.com/users/pattisonb/repos","events_url":"https://api.github.com/users/pattisonb/events{/privacy}","received_events_url":"https://api.github.com/users/pattisonb/received_events","type":"User","site_admin":false,"name":"Brian Pattison","company":null,"blog":"","location":"Dallas, TX","email":null,"hireable":null,"bio":"Junior Computer Science Student at SMU","twitter_username":null,"public_repos":22,"public_gists":0,"followers":0,"following":0,"created_at":"2019-02-19T01:42:05Z","updated_at":"2023-01-12T20:20:26Z","private_gists":0,"total_private_repos":0,"owned_private_repos":0,"disk_usage":130582,"collaborators":0,"two_factor_authentication":false,"plan":{"name":"pro","space":976562499,"collaborators":0,"private_repos":9999}}
[info] 
[info] ✔  Success! Logged into GitHub as pattisonb 
[info] 
